<?xml version="1.0" encoding="UTF-8"?>
<!-- Generated by org.testng.reporters.JUnitReportReporter -->
<testsuite hostname="HB-laptops-054" failures="0" tests="2" name="Project.class2" time="15.632" errors="0" timestamp="2021-06-27T13:52:01 EDT" skipped="0">
  <testcase classname="Project.class2" name="imagess" time="6.523"/>
  <system-out/>
  <testcase classname="Project.class2" name="buttons" time="9.109"/>
  <system-out/>
</testsuite> <!-- Project.class2 -->
