<?xml version="1.0" encoding="UTF-8"?>
<!-- Generated by org.testng.reporters.JUnitReportReporter -->
<testsuite hostname="HB-laptops-054" failures="0" tests="1" name="Project.class1" time="5.502" errors="0" timestamp="2021-06-27T13:49:45 EDT" skipped="0">
  <testcase classname="Project.class1" name="testlogo" time="5.502"/>
  <system-out/>
</testsuite> <!-- Project.class1 -->
